  imgui.cpp
  imgui_demo.cpp
  imgui_draw.cpp
  imgui_impl_glfw.cpp
  imgui_impl_opengl3.cpp
  imgui_tables.cpp
  imgui_widgets.cpp
  hack.cpp
C:\Users\Isa\Desktop\ccs_cheat\GLFWExternalOverlay\hack.cpp(43,33): warning C4244: 'argument': conversion from 'double' to 'GLfloat', possible loss of data
C:\Users\Isa\Desktop\ccs_cheat\GLFWExternalOverlay\hack.cpp(44,33): warning C4244: 'argument': conversion from 'double' to 'GLfloat', possible loss of data
C:\Users\Isa\Desktop\ccs_cheat\GLFWExternalOverlay\hack.cpp(51,33): warning C4244: 'argument': conversion from 'double' to 'GLfloat', possible loss of data
C:\Users\Isa\Desktop\ccs_cheat\GLFWExternalOverlay\hack.cpp(52,63): warning C4244: 'argument': conversion from 'double' to 'GLfloat', possible loss of data
C:\Users\Isa\Desktop\ccs_cheat\GLFWExternalOverlay\hack.cpp(52,33): warning C4244: 'argument': conversion from 'double' to 'GLfloat', possible loss of data
C:\Users\Isa\Desktop\ccs_cheat\GLFWExternalOverlay\hack.cpp(59,33): warning C4244: 'argument': conversion from 'double' to 'GLfloat', possible loss of data
C:\Users\Isa\Desktop\ccs_cheat\GLFWExternalOverlay\hack.cpp(60,63): warning C4244: 'argument': conversion from 'double' to 'GLfloat', possible loss of data
C:\Users\Isa\Desktop\ccs_cheat\GLFWExternalOverlay\hack.cpp(60,33): warning C4244: 'argument': conversion from 'double' to 'GLfloat', possible loss of data
C:\Users\Isa\Desktop\ccs_cheat\GLFWExternalOverlay\hack.cpp(79,33): warning C4244: 'argument': conversion from 'double' to 'GLfloat', possible loss of data
C:\Users\Isa\Desktop\ccs_cheat\GLFWExternalOverlay\hack.cpp(80,33): warning C4244: 'argument': conversion from 'double' to 'GLfloat', possible loss of data
C:\Users\Isa\Desktop\ccs_cheat\GLFWExternalOverlay\hack.cpp(87,33): warning C4244: 'argument': conversion from 'double' to 'GLfloat', possible loss of data
C:\Users\Isa\Desktop\ccs_cheat\GLFWExternalOverlay\hack.cpp(88,63): warning C4244: 'argument': conversion from 'double' to 'GLfloat', possible loss of data
C:\Users\Isa\Desktop\ccs_cheat\GLFWExternalOverlay\hack.cpp(88,33): warning C4244: 'argument': conversion from 'double' to 'GLfloat', possible loss of data
C:\Users\Isa\Desktop\ccs_cheat\GLFWExternalOverlay\hack.cpp(94,33): warning C4244: 'argument': conversion from 'double' to 'GLfloat', possible loss of data
C:\Users\Isa\Desktop\ccs_cheat\GLFWExternalOverlay\hack.cpp(95,63): warning C4244: 'argument': conversion from 'double' to 'GLfloat', possible loss of data
C:\Users\Isa\Desktop\ccs_cheat\GLFWExternalOverlay\hack.cpp(95,33): warning C4244: 'argument': conversion from 'double' to 'GLfloat', possible loss of data
  src.cpp
  utilities.cpp
  Generating Code...
LINK : warning LNK4098: defaultlib 'LIBCMT' conflicts with use of other libs; use /NODEFAULTLIB:library
glfw3.lib(context.obj) : warning LNK4099: PDB '' was not found with 'glfw3.lib(context.obj)' or at ''; linking object as if no debug info
glfw3.lib(init.obj) : warning LNK4099: PDB '' was not found with 'glfw3.lib(init.obj)' or at ''; linking object as if no debug info
glfw3.lib(input.obj) : warning LNK4099: PDB '' was not found with 'glfw3.lib(input.obj)' or at ''; linking object as if no debug info
glfw3.lib(monitor.obj) : warning LNK4099: PDB '' was not found with 'glfw3.lib(monitor.obj)' or at ''; linking object as if no debug info
glfw3.lib(platform.obj) : warning LNK4099: PDB '' was not found with 'glfw3.lib(platform.obj)' or at ''; linking object as if no debug info
glfw3.lib(vulkan.obj) : warning LNK4099: PDB '' was not found with 'glfw3.lib(vulkan.obj)' or at ''; linking object as if no debug info
glfw3.lib(window.obj) : warning LNK4099: PDB '' was not found with 'glfw3.lib(window.obj)' or at ''; linking object as if no debug info
glfw3.lib(egl_context.obj) : warning LNK4099: PDB '' was not found with 'glfw3.lib(egl_context.obj)' or at ''; linking object as if no debug info
glfw3.lib(osmesa_context.obj) : warning LNK4099: PDB '' was not found with 'glfw3.lib(osmesa_context.obj)' or at ''; linking object as if no debug info
glfw3.lib(null_init.obj) : warning LNK4099: PDB '' was not found with 'glfw3.lib(null_init.obj)' or at ''; linking object as if no debug info
glfw3.lib(null_monitor.obj) : warning LNK4099: PDB '' was not found with 'glfw3.lib(null_monitor.obj)' or at ''; linking object as if no debug info
glfw3.lib(null_window.obj) : warning LNK4099: PDB '' was not found with 'glfw3.lib(null_window.obj)' or at ''; linking object as if no debug info
glfw3.lib(null_joystick.obj) : warning LNK4099: PDB '' was not found with 'glfw3.lib(null_joystick.obj)' or at ''; linking object as if no debug info
glfw3.lib(win32_module.obj) : warning LNK4099: PDB '' was not found with 'glfw3.lib(win32_module.obj)' or at ''; linking object as if no debug info
glfw3.lib(win32_time.obj) : warning LNK4099: PDB '' was not found with 'glfw3.lib(win32_time.obj)' or at ''; linking object as if no debug info
glfw3.lib(win32_thread.obj) : warning LNK4099: PDB '' was not found with 'glfw3.lib(win32_thread.obj)' or at ''; linking object as if no debug info
glfw3.lib(win32_init.obj) : warning LNK4099: PDB '' was not found with 'glfw3.lib(win32_init.obj)' or at ''; linking object as if no debug info
glfw3.lib(win32_joystick.obj) : warning LNK4099: PDB '' was not found with 'glfw3.lib(win32_joystick.obj)' or at ''; linking object as if no debug info
glfw3.lib(win32_monitor.obj) : warning LNK4099: PDB '' was not found with 'glfw3.lib(win32_monitor.obj)' or at ''; linking object as if no debug info
glfw3.lib(win32_window.obj) : warning LNK4099: PDB '' was not found with 'glfw3.lib(win32_window.obj)' or at ''; linking object as if no debug info
glfw3.lib(wgl_context.obj) : warning LNK4099: PDB '' was not found with 'glfw3.lib(wgl_context.obj)' or at ''; linking object as if no debug info
glew32s.lib(glew.obj) : warning LNK4099: PDB '' was not found with 'glew32s.lib(glew.obj)' or at ''; linking object as if no debug info
  GLFWExternalOverlay.vcxproj -> C:\Users\Isa\Desktop\ccs_cheat\Debug\GLFWExternalOverlay.exe
